Build started 13/11/2012 6:46:58 PM.
     1>Project "C:\Users\mreza\Desktop\phd australia young\CC Grid 2013\Code\EstimatedScheduling\EstimatedScheduling\EstimatedScheduling.vcxproj" on node 2 (build target(s)).
     1>InitializeBuildStatus:
         Creating "Release\EstimatedScheduling.unsuccessfulbuild" because "AlwaysCreate" was specified.
       ClCompile:
         All outputs are up-to-date.
         C:\Program Files (x86)\Microsoft Visual Studio 10.0\VC\bin\CL.exe /c /Zi /nologo /W3 /WX- /O2 /Oi /Oy- /GL /D WIN32 /D NDEBUG /D _CONSOLE /D _UNICODE /D UNICODE /Gm- /EHsc /MD /GS /Gy /fp:precise /Zc:wchar_t /Zc:forScope /Yu"StdAfx.h" /Fp"Release\EstimatedScheduling.pch" /Fo"Release\\" /Fd"Release\vc100.pdb" /Gd /TP /analyze- /errorReport:prompt Heap.cpp
         Heap.cpp
     1>Heap.cpp(18): warning C4018: '<' : signed/unsigned mismatch
     1>Heap.cpp(24): warning C4018: '<' : signed/unsigned mismatch
       Link:
         C:\Program Files (x86)\Microsoft Visual Studio 10.0\VC\bin\link.exe /ERRORREPORT:PROMPT /OUT:"C:\Users\mreza\Desktop\phd australia young\CC Grid 2013\Code\EstimatedScheduling\Release\EstimatedScheduling.exe" /INCREMENTAL:NO /NOLOGO kernel32.lib user32.lib gdi32.lib winspool.lib comdlg32.lib advapi32.lib shell32.lib ole32.lib oleaut32.lib uuid.lib odbc32.lib odbccp32.lib /MANIFEST /ManifestFile:"Release\EstimatedScheduling.exe.intermediate.manifest" /MANIFESTUAC:"level='asInvoker' uiAccess='false'" /DEBUG /PDB:"C:\Users\mreza\Desktop\phd australia young\CC Grid 2013\Code\EstimatedScheduling\Release\EstimatedScheduling.pdb" /SUBSYSTEM:CONSOLE /OPT:REF /OPT:ICF /LTCG /TLBID:1 /DYNAMICBASE /NXCOMPAT /IMPLIB:"C:\Users\mreza\Desktop\phd australia young\CC Grid 2013\Code\EstimatedScheduling\Release\EstimatedScheduling.lib" /MACHINE:X86 Release\EstimatedScheduling.obj
         Release\GenerateRandom.obj
         Release\Heap.obj
         Release\mycomparison.obj
         Release\MyEnvironment.obj
         Release\Myqueue.obj
         Release\MyScheduler.obj
         Release\NodeJobLength.obj
         Release\NodeMachine.obj
         Release\stdafx.obj
         Generating code
     1>c:\users\mreza\desktop\phd australia young\cc grid 2013\code\estimatedscheduling\estimatedscheduling\myscheduler.cpp(1018): warning C4715: 'MyScheduler::gather_makespan' : not all control paths return a value
     1>c:\users\mreza\desktop\phd australia young\cc grid 2013\code\estimatedscheduling\estimatedscheduling\myscheduler.cpp(954): warning C4715: 'MyScheduler::gather_total_cost' : not all control paths return a value
     1>c:\users\mreza\desktop\phd australia young\cc grid 2013\code\estimatedscheduling\estimatedscheduling\generaterandom.cpp(47): warning C4715: 'GenerateRandom::generate_random_task_length' : not all control paths return a value
         Finished generating code
         EstimatedScheduling.vcxproj -> C:\Users\mreza\Desktop\phd australia young\CC Grid 2013\Code\EstimatedScheduling\Release\EstimatedScheduling.exe
       Manifest:
         C:\Program Files (x86)\Microsoft SDKs\Windows\v7.0A\bin\mt.exe /nologo /verbose /outputresource:"C:\Users\mreza\Desktop\phd australia young\CC Grid 2013\Code\EstimatedScheduling\Release\EstimatedScheduling.exe;#1" /manifest Release\EstimatedScheduling.exe.intermediate.manifest
       FinalizeBuildStatus:
         Deleting file "Release\EstimatedScheduling.unsuccessfulbuild".
         Touching "Release\EstimatedScheduling.lastbuildstate".
     1>Done Building Project "C:\Users\mreza\Desktop\phd australia young\CC Grid 2013\Code\EstimatedScheduling\EstimatedScheduling\EstimatedScheduling.vcxproj" (build target(s)).

Build succeeded.

Time Elapsed 00:00:01.61
