C:\PROGRAMDATA\BROWSER MANAGER\2.2.580.182\{D1538445-EBD9-4C43-882A-854EFF8D928C}\BRWMNGR.SETTINGS
C:\PROGRAMDATA\BROWSER MANAGER\2.2.580.182\{D1538445-EBD9-4C43-882A-854EFF8D928C}\TRAKING_SETTINGS\00
C:\PROGRAMDATA\BROWSER MANAGER\2.2.580.182\{D1538445-EBD9-4C43-882A-854EFF8D928C}\TRAKING_SETTINGS\01
C:\PROGRAMDATA\BROWSER MANAGER\2.2.580.182\{D1538445-EBD9-4C43-882A-854EFF8D928C}\TRAKING_SETTINGS\02
C:\PROGRAMDATA\BROWSER MANAGER\2.2.580.182\{D1538445-EBD9-4C43-882A-854EFF8D928C}\TRAKING_SETTINGS\10
C:\PROGRAMDATA\BROWSER MANAGER\2.2.580.182\{D1538445-EBD9-4C43-882A-854EFF8D928C}\TRAKING_SETTINGS\11
C:\PROGRAMDATA\BROWSER MANAGER\2.2.580.182\{D1538445-EBD9-4C43-882A-854EFF8D928C}\TRAKING_SETTINGS\12
C:\PROGRAMDATA\BROWSER MANAGER\2.2.580.182\{D1538445-EBD9-4C43-882A-854EFF8D928C}\TRAKING_SETTINGS\20
C:\PROGRAMDATA\BROWSER MANAGER\2.2.580.182\{D1538445-EBD9-4C43-882A-854EFF8D928C}\TRAKING_SETTINGS\21
C:\PROGRAMDATA\BROWSER MANAGER\2.2.580.182\{D1538445-EBD9-4C43-882A-854EFF8D928C}\TRAKING_SETTINGS\22
C:\UserFiles\git\research\EstimatedScheduling\Debug\cl.command.1.tlog
C:\UserFiles\git\research\EstimatedScheduling\Debug\CL.read.1.tlog
C:\UserFiles\git\research\EstimatedScheduling\Debug\CL.write.1.tlog
C:\USERFILES\GIT\RESEARCH\ESTIMATEDSCHEDULING\DEBUG\COINCHANGES.OBJ
C:\USERFILES\GIT\RESEARCH\ESTIMATEDSCHEDULING\DEBUG\ESTIMATEDSCHEDULING.EXE
C:\USERFILES\GIT\RESEARCH\ESTIMATEDSCHEDULING\DEBUG\ESTIMATEDSCHEDULING.EXE.EMBED.MANIFEST
C:\USERFILES\GIT\RESEARCH\ESTIMATEDSCHEDULING\DEBUG\ESTIMATEDSCHEDULING.EXE.EMBED.MANIFEST.RES
C:\USERFILES\GIT\RESEARCH\ESTIMATEDSCHEDULING\DEBUG\ESTIMATEDSCHEDULING.EXE.INTERMEDIATE.MANIFEST
C:\USERFILES\GIT\RESEARCH\ESTIMATEDSCHEDULING\DEBUG\ESTIMATEDSCHEDULING.ILK
C:\USERFILES\GIT\RESEARCH\ESTIMATEDSCHEDULING\DEBUG\ESTIMATEDSCHEDULING.OBJ
C:\USERFILES\GIT\RESEARCH\ESTIMATEDSCHEDULING\DEBUG\ESTIMATEDSCHEDULING.PCH
C:\USERFILES\GIT\RESEARCH\ESTIMATEDSCHEDULING\DEBUG\ESTIMATEDSCHEDULING.PDB
C:\UserFiles\git\research\EstimatedScheduling\Debug\EstimatedScheduling_manifest.rc
C:\USERFILES\GIT\RESEARCH\ESTIMATEDSCHEDULING\DEBUG\GENERATERANDOM.OBJ
C:\USERFILES\GIT\RESEARCH\ESTIMATEDSCHEDULING\DEBUG\HEAP.OBJ
C:\USERFILES\GIT\RESEARCH\ESTIMATEDSCHEDULING\DEBUG\KADANE.OBJ
C:\UserFiles\git\research\EstimatedScheduling\Debug\link.1192.read.1.tlog
C:\UserFiles\git\research\EstimatedScheduling\Debug\link.1192.write.1.tlog
C:\UserFiles\git\research\EstimatedScheduling\Debug\link.1192-cvtres.read.1.tlog
C:\UserFiles\git\research\EstimatedScheduling\Debug\link.1192-cvtres.write.1.tlog
C:\UserFiles\git\research\EstimatedScheduling\Debug\link.1636.read.1.tlog
C:\UserFiles\git\research\EstimatedScheduling\Debug\link.1636.write.1.tlog
C:\UserFiles\git\research\EstimatedScheduling\Debug\link.1636-cvtres.read.1.tlog
C:\UserFiles\git\research\EstimatedScheduling\Debug\link.1636-cvtres.write.1.tlog
C:\UserFiles\git\research\EstimatedScheduling\Debug\link.1836.read.1.tlog
C:\UserFiles\git\research\EstimatedScheduling\Debug\link.1836.write.1.tlog
C:\UserFiles\git\research\EstimatedScheduling\Debug\link.1836-cvtres.read.1.tlog
C:\UserFiles\git\research\EstimatedScheduling\Debug\link.1836-cvtres.write.1.tlog
C:\UserFiles\git\research\EstimatedScheduling\Debug\link.2956.read.1.tlog
C:\UserFiles\git\research\EstimatedScheduling\Debug\link.2956.write.1.tlog
C:\UserFiles\git\research\EstimatedScheduling\Debug\link.2956-cvtres.read.1.tlog
C:\UserFiles\git\research\EstimatedScheduling\Debug\link.2956-cvtres.write.1.tlog
C:\UserFiles\git\research\EstimatedScheduling\Debug\link.3196.read.1.tlog
C:\UserFiles\git\research\EstimatedScheduling\Debug\link.3196.write.1.tlog
C:\UserFiles\git\research\EstimatedScheduling\Debug\link.3196-cvtres.read.1.tlog
C:\UserFiles\git\research\EstimatedScheduling\Debug\link.3196-cvtres.write.1.tlog
C:\UserFiles\git\research\EstimatedScheduling\Debug\link.3440.read.1.tlog
C:\UserFiles\git\research\EstimatedScheduling\Debug\link.3440.write.1.tlog
C:\UserFiles\git\research\EstimatedScheduling\Debug\link.3440-cvtres.read.1.tlog
C:\UserFiles\git\research\EstimatedScheduling\Debug\link.3440-cvtres.write.1.tlog
C:\UserFiles\git\research\EstimatedScheduling\Debug\link.3660.read.1.tlog
C:\UserFiles\git\research\EstimatedScheduling\Debug\link.3660.write.1.tlog
C:\UserFiles\git\research\EstimatedScheduling\Debug\link.3660-cvtres.read.1.tlog
C:\UserFiles\git\research\EstimatedScheduling\Debug\link.3660-cvtres.write.1.tlog
C:\UserFiles\git\research\EstimatedScheduling\Debug\link.3892.read.1.tlog
C:\UserFiles\git\research\EstimatedScheduling\Debug\link.3892.write.1.tlog
C:\UserFiles\git\research\EstimatedScheduling\Debug\link.3892-cvtres.read.1.tlog
C:\UserFiles\git\research\EstimatedScheduling\Debug\link.3892-cvtres.write.1.tlog
C:\UserFiles\git\research\EstimatedScheduling\Debug\link.4116.read.1.tlog
C:\UserFiles\git\research\EstimatedScheduling\Debug\link.4116.write.1.tlog
C:\UserFiles\git\research\EstimatedScheduling\Debug\link.4116-cvtres.read.1.tlog
C:\UserFiles\git\research\EstimatedScheduling\Debug\link.4116-cvtres.write.1.tlog
C:\UserFiles\git\research\EstimatedScheduling\Debug\link.4288.read.1.tlog
C:\UserFiles\git\research\EstimatedScheduling\Debug\link.4288.write.1.tlog
C:\UserFiles\git\research\EstimatedScheduling\Debug\link.4288-cvtres.read.1.tlog
C:\UserFiles\git\research\EstimatedScheduling\Debug\link.4288-cvtres.write.1.tlog
C:\UserFiles\git\research\EstimatedScheduling\Debug\link.4356.read.1.tlog
C:\UserFiles\git\research\EstimatedScheduling\Debug\link.4356.write.1.tlog
C:\UserFiles\git\research\EstimatedScheduling\Debug\link.4356-cvtres.read.1.tlog
C:\UserFiles\git\research\EstimatedScheduling\Debug\link.4356-cvtres.write.1.tlog
C:\UserFiles\git\research\EstimatedScheduling\Debug\link.4408.read.1.tlog
C:\UserFiles\git\research\EstimatedScheduling\Debug\link.4408.write.1.tlog
C:\UserFiles\git\research\EstimatedScheduling\Debug\link.4408-cvtres.read.1.tlog
C:\UserFiles\git\research\EstimatedScheduling\Debug\link.4408-cvtres.write.1.tlog
C:\UserFiles\git\research\EstimatedScheduling\Debug\link.4460.read.1.tlog
C:\UserFiles\git\research\EstimatedScheduling\Debug\link.4460.write.1.tlog
C:\UserFiles\git\research\EstimatedScheduling\Debug\link.4460-cvtres.read.1.tlog
C:\UserFiles\git\research\EstimatedScheduling\Debug\link.4460-cvtres.write.1.tlog
C:\UserFiles\git\research\EstimatedScheduling\Debug\link.4768.read.1.tlog
C:\UserFiles\git\research\EstimatedScheduling\Debug\link.4768.write.1.tlog
C:\UserFiles\git\research\EstimatedScheduling\Debug\link.4768-cvtres.read.1.tlog
C:\UserFiles\git\research\EstimatedScheduling\Debug\link.4768-cvtres.write.1.tlog
C:\UserFiles\git\research\EstimatedScheduling\Debug\link.4864.read.1.tlog
C:\UserFiles\git\research\EstimatedScheduling\Debug\link.4864.write.1.tlog
C:\UserFiles\git\research\EstimatedScheduling\Debug\link.4864-cvtres.read.1.tlog
C:\UserFiles\git\research\EstimatedScheduling\Debug\link.4864-cvtres.write.1.tlog
C:\UserFiles\git\research\EstimatedScheduling\Debug\link.4880.read.1.tlog
C:\UserFiles\git\research\EstimatedScheduling\Debug\link.4880.write.1.tlog
C:\UserFiles\git\research\EstimatedScheduling\Debug\link.4880-cvtres.read.1.tlog
C:\UserFiles\git\research\EstimatedScheduling\Debug\link.4880-cvtres.write.1.tlog
C:\UserFiles\git\research\EstimatedScheduling\Debug\link.4972.read.1.tlog
C:\UserFiles\git\research\EstimatedScheduling\Debug\link.4972.write.1.tlog
C:\UserFiles\git\research\EstimatedScheduling\Debug\link.4972-cvtres.read.1.tlog
C:\UserFiles\git\research\EstimatedScheduling\Debug\link.4972-cvtres.write.1.tlog
C:\UserFiles\git\research\EstimatedScheduling\Debug\link.5360.read.1.tlog
C:\UserFiles\git\research\EstimatedScheduling\Debug\link.5360.write.1.tlog
C:\UserFiles\git\research\EstimatedScheduling\Debug\link.5360-cvtres.read.1.tlog
C:\UserFiles\git\research\EstimatedScheduling\Debug\link.5360-cvtres.write.1.tlog
C:\UserFiles\git\research\EstimatedScheduling\Debug\link.5364.read.1.tlog
C:\UserFiles\git\research\EstimatedScheduling\Debug\link.5364.write.1.tlog
C:\UserFiles\git\research\EstimatedScheduling\Debug\link.5364-cvtres.read.1.tlog
C:\UserFiles\git\research\EstimatedScheduling\Debug\link.5364-cvtres.write.1.tlog
C:\UserFiles\git\research\EstimatedScheduling\Debug\link.5480.read.1.tlog
C:\UserFiles\git\research\EstimatedScheduling\Debug\link.5480.write.1.tlog
C:\UserFiles\git\research\EstimatedScheduling\Debug\link.5480-cvtres.read.1.tlog
C:\UserFiles\git\research\EstimatedScheduling\Debug\link.5480-cvtres.write.1.tlog
C:\UserFiles\git\research\EstimatedScheduling\Debug\link.5716.read.1.tlog
C:\UserFiles\git\research\EstimatedScheduling\Debug\link.5716.write.1.tlog
C:\UserFiles\git\research\EstimatedScheduling\Debug\link.5716-cvtres.read.1.tlog
C:\UserFiles\git\research\EstimatedScheduling\Debug\link.5716-cvtres.write.1.tlog
C:\UserFiles\git\research\EstimatedScheduling\Debug\link.5916.read.1.tlog
C:\UserFiles\git\research\EstimatedScheduling\Debug\link.5916.write.1.tlog
C:\UserFiles\git\research\EstimatedScheduling\Debug\link.5916-cvtres.read.1.tlog
C:\UserFiles\git\research\EstimatedScheduling\Debug\link.5916-cvtres.write.1.tlog
C:\UserFiles\git\research\EstimatedScheduling\Debug\link.5960.read.1.tlog
C:\UserFiles\git\research\EstimatedScheduling\Debug\link.5960.write.1.tlog
C:\UserFiles\git\research\EstimatedScheduling\Debug\link.5960-cvtres.read.1.tlog
C:\UserFiles\git\research\EstimatedScheduling\Debug\link.5960-cvtres.write.1.tlog
C:\UserFiles\git\research\EstimatedScheduling\Debug\link.6012.read.1.tlog
C:\UserFiles\git\research\EstimatedScheduling\Debug\link.6012.write.1.tlog
C:\UserFiles\git\research\EstimatedScheduling\Debug\link.6012-cvtres.read.1.tlog
C:\UserFiles\git\research\EstimatedScheduling\Debug\link.6012-cvtres.write.1.tlog
C:\UserFiles\git\research\EstimatedScheduling\Debug\link.6036.read.1.tlog
C:\UserFiles\git\research\EstimatedScheduling\Debug\link.6036.write.1.tlog
C:\UserFiles\git\research\EstimatedScheduling\Debug\link.6036-cvtres.read.1.tlog
C:\UserFiles\git\research\EstimatedScheduling\Debug\link.6036-cvtres.write.1.tlog
C:\UserFiles\git\research\EstimatedScheduling\Debug\link.6040.read.1.tlog
C:\UserFiles\git\research\EstimatedScheduling\Debug\link.6040.write.1.tlog
C:\UserFiles\git\research\EstimatedScheduling\Debug\link.6040-cvtres.read.1.tlog
C:\UserFiles\git\research\EstimatedScheduling\Debug\link.6040-cvtres.write.1.tlog
C:\UserFiles\git\research\EstimatedScheduling\Debug\link.6292.read.1.tlog
C:\UserFiles\git\research\EstimatedScheduling\Debug\link.6292.write.1.tlog
C:\UserFiles\git\research\EstimatedScheduling\Debug\link.6292-cvtres.read.1.tlog
C:\UserFiles\git\research\EstimatedScheduling\Debug\link.6292-cvtres.write.1.tlog
C:\UserFiles\git\research\EstimatedScheduling\Debug\link.6392.read.1.tlog
C:\UserFiles\git\research\EstimatedScheduling\Debug\link.6392.write.1.tlog
C:\UserFiles\git\research\EstimatedScheduling\Debug\link.6392-cvtres.read.1.tlog
C:\UserFiles\git\research\EstimatedScheduling\Debug\link.6392-cvtres.write.1.tlog
C:\UserFiles\git\research\EstimatedScheduling\Debug\link.6524.read.1.tlog
C:\UserFiles\git\research\EstimatedScheduling\Debug\link.6524.write.1.tlog
C:\UserFiles\git\research\EstimatedScheduling\Debug\link.6524-cvtres.read.1.tlog
C:\UserFiles\git\research\EstimatedScheduling\Debug\link.6524-cvtres.write.1.tlog
C:\UserFiles\git\research\EstimatedScheduling\Debug\link.6536.read.1.tlog
C:\UserFiles\git\research\EstimatedScheduling\Debug\link.6536.write.1.tlog
C:\UserFiles\git\research\EstimatedScheduling\Debug\link.6536-cvtres.read.1.tlog
C:\UserFiles\git\research\EstimatedScheduling\Debug\link.6536-cvtres.write.1.tlog
C:\UserFiles\git\research\EstimatedScheduling\Debug\link.6768.read.1.tlog
C:\UserFiles\git\research\EstimatedScheduling\Debug\link.6768.write.1.tlog
C:\UserFiles\git\research\EstimatedScheduling\Debug\link.6768-cvtres.read.1.tlog
C:\UserFiles\git\research\EstimatedScheduling\Debug\link.6768-cvtres.write.1.tlog
C:\UserFiles\git\research\EstimatedScheduling\Debug\link.6912.read.1.tlog
C:\UserFiles\git\research\EstimatedScheduling\Debug\link.6912.write.1.tlog
C:\UserFiles\git\research\EstimatedScheduling\Debug\link.6912-cvtres.read.1.tlog
C:\UserFiles\git\research\EstimatedScheduling\Debug\link.6912-cvtres.write.1.tlog
C:\UserFiles\git\research\EstimatedScheduling\Debug\link.7284.read.1.tlog
C:\UserFiles\git\research\EstimatedScheduling\Debug\link.7284.write.1.tlog
C:\UserFiles\git\research\EstimatedScheduling\Debug\link.7284-cvtres.read.1.tlog
C:\UserFiles\git\research\EstimatedScheduling\Debug\link.7284-cvtres.write.1.tlog
C:\UserFiles\git\research\EstimatedScheduling\Debug\link.7424.read.1.tlog
C:\UserFiles\git\research\EstimatedScheduling\Debug\link.7424.write.1.tlog
C:\UserFiles\git\research\EstimatedScheduling\Debug\link.7424-cvtres.read.1.tlog
C:\UserFiles\git\research\EstimatedScheduling\Debug\link.7424-cvtres.write.1.tlog
C:\UserFiles\git\research\EstimatedScheduling\Debug\link.7676.read.1.tlog
C:\UserFiles\git\research\EstimatedScheduling\Debug\link.7676.write.1.tlog
C:\UserFiles\git\research\EstimatedScheduling\Debug\link.7676-cvtres.read.1.tlog
C:\UserFiles\git\research\EstimatedScheduling\Debug\link.7676-cvtres.write.1.tlog
C:\UserFiles\git\research\EstimatedScheduling\Debug\link.7800.read.1.tlog
C:\UserFiles\git\research\EstimatedScheduling\Debug\link.7800.write.1.tlog
C:\UserFiles\git\research\EstimatedScheduling\Debug\link.7800-cvtres.read.1.tlog
C:\UserFiles\git\research\EstimatedScheduling\Debug\link.7800-cvtres.write.1.tlog
C:\UserFiles\git\research\EstimatedScheduling\Debug\link.7900.read.1.tlog
C:\UserFiles\git\research\EstimatedScheduling\Debug\link.7900.write.1.tlog
C:\UserFiles\git\research\EstimatedScheduling\Debug\link.7900-cvtres.read.1.tlog
C:\UserFiles\git\research\EstimatedScheduling\Debug\link.7900-cvtres.write.1.tlog
C:\UserFiles\git\research\EstimatedScheduling\Debug\link.7924.read.1.tlog
C:\UserFiles\git\research\EstimatedScheduling\Debug\link.7924.write.1.tlog
C:\UserFiles\git\research\EstimatedScheduling\Debug\link.7924-cvtres.read.1.tlog
C:\UserFiles\git\research\EstimatedScheduling\Debug\link.7924-cvtres.write.1.tlog
C:\UserFiles\git\research\EstimatedScheduling\Debug\link.7956.read.1.tlog
C:\UserFiles\git\research\EstimatedScheduling\Debug\link.7956.write.1.tlog
C:\UserFiles\git\research\EstimatedScheduling\Debug\link.7956-cvtres.read.1.tlog
C:\UserFiles\git\research\EstimatedScheduling\Debug\link.7956-cvtres.write.1.tlog
C:\UserFiles\git\research\EstimatedScheduling\Debug\link.7972.read.1.tlog
C:\UserFiles\git\research\EstimatedScheduling\Debug\link.7972.write.1.tlog
C:\UserFiles\git\research\EstimatedScheduling\Debug\link.7972-cvtres.read.1.tlog
C:\UserFiles\git\research\EstimatedScheduling\Debug\link.7972-cvtres.write.1.tlog
C:\UserFiles\git\research\EstimatedScheduling\Debug\link.7984.read.1.tlog
C:\UserFiles\git\research\EstimatedScheduling\Debug\link.7984.write.1.tlog
C:\UserFiles\git\research\EstimatedScheduling\Debug\link.7984-cvtres.read.1.tlog
C:\UserFiles\git\research\EstimatedScheduling\Debug\link.7984-cvtres.write.1.tlog
C:\UserFiles\git\research\EstimatedScheduling\Debug\link.8112.read.1.tlog
C:\UserFiles\git\research\EstimatedScheduling\Debug\link.8112.write.1.tlog
C:\UserFiles\git\research\EstimatedScheduling\Debug\link.8112-cvtres.read.1.tlog
C:\UserFiles\git\research\EstimatedScheduling\Debug\link.8112-cvtres.write.1.tlog
C:\UserFiles\git\research\EstimatedScheduling\Debug\link.command.1.tlog
C:\UserFiles\git\research\EstimatedScheduling\Debug\link.read.1.tlog
C:\UserFiles\git\research\EstimatedScheduling\Debug\link.write.1.tlog
C:\UserFiles\git\research\EstimatedScheduling\Debug\link-cvtres.read.1.tlog
C:\UserFiles\git\research\EstimatedScheduling\Debug\link-cvtres.write.1.tlog
C:\USERFILES\GIT\RESEARCH\ESTIMATEDSCHEDULING\DEBUG\LONGEST_INC_SUB_SEQ2D.OBJ
C:\UserFiles\git\research\EstimatedScheduling\Debug\mt.command.1.tlog
C:\UserFiles\git\research\EstimatedScheduling\Debug\mt.read.1.tlog
C:\UserFiles\git\research\EstimatedScheduling\Debug\mt.write.1.tlog
C:\USERFILES\GIT\RESEARCH\ESTIMATEDSCHEDULING\DEBUG\MYCOMPARISON.OBJ
C:\USERFILES\GIT\RESEARCH\ESTIMATEDSCHEDULING\DEBUG\MYENVIRONMENT.OBJ
C:\USERFILES\GIT\RESEARCH\ESTIMATEDSCHEDULING\DEBUG\MYQUEUE.OBJ
C:\USERFILES\GIT\RESEARCH\ESTIMATEDSCHEDULING\DEBUG\MYSCHEDULER.OBJ
C:\USERFILES\GIT\RESEARCH\ESTIMATEDSCHEDULING\DEBUG\NODEJOBLENGTH.OBJ
C:\USERFILES\GIT\RESEARCH\ESTIMATEDSCHEDULING\DEBUG\NODEMACHINE.OBJ
C:\UserFiles\git\research\EstimatedScheduling\Debug\rc.command.1.tlog
C:\UserFiles\git\research\EstimatedScheduling\Debug\rc.read.1.tlog
C:\UserFiles\git\research\EstimatedScheduling\Debug\rc.write.1.tlog
C:\USERFILES\GIT\RESEARCH\ESTIMATEDSCHEDULING\DEBUG\SMSPERMUTATION.OBJ
C:\USERFILES\GIT\RESEARCH\ESTIMATEDSCHEDULING\DEBUG\STDAFX.OBJ
C:\UserFiles\git\research\EstimatedScheduling\Debug\vc100.idb
C:\USERFILES\GIT\RESEARCH\ESTIMATEDSCHEDULING\DEBUG\VC100.PDB
C:\USERS\MREZA\DESKTOP\PHD AUSTRALIA YOUNG\CC GRID 2013\CODE\ESTIMATEDSCHEDULING\DEBUG\ESTIMATEDSCHEDULING.EXE
C:\USERS\MREZA\DESKTOP\PHD AUSTRALIA YOUNG\CC GRID 2013\CODE\ESTIMATEDSCHEDULING\DEBUG\ESTIMATEDSCHEDULING.ILK
C:\USERS\MREZA\DESKTOP\PHD AUSTRALIA YOUNG\CC GRID 2013\CODE\ESTIMATEDSCHEDULING\DEBUG\ESTIMATEDSCHEDULING.PDB
C:\USERS\MREZA\DESKTOP\PHD AUSTRALIA YOUNG\CC GRID 2013\CODE\ESTIMATEDSCHEDULING\ESTIMATEDSCHEDULING\DEBUG\COINCHANGES.OBJ
C:\USERS\MREZA\DESKTOP\PHD AUSTRALIA YOUNG\CC GRID 2013\CODE\ESTIMATEDSCHEDULING\ESTIMATEDSCHEDULING\DEBUG\ESTIMATEDSCHEDULING.EXE.EMBED.MANIFEST
C:\USERS\MREZA\DESKTOP\PHD AUSTRALIA YOUNG\CC GRID 2013\CODE\ESTIMATEDSCHEDULING\ESTIMATEDSCHEDULING\DEBUG\ESTIMATEDSCHEDULING.EXE.EMBED.MANIFEST.RES
C:\USERS\MREZA\DESKTOP\PHD AUSTRALIA YOUNG\CC GRID 2013\CODE\ESTIMATEDSCHEDULING\ESTIMATEDSCHEDULING\DEBUG\ESTIMATEDSCHEDULING.EXE.INTERMEDIATE.MANIFEST
C:\USERS\MREZA\DESKTOP\PHD AUSTRALIA YOUNG\CC GRID 2013\CODE\ESTIMATEDSCHEDULING\ESTIMATEDSCHEDULING\DEBUG\ESTIMATEDSCHEDULING.OBJ
C:\USERS\MREZA\DESKTOP\PHD AUSTRALIA YOUNG\CC GRID 2013\CODE\ESTIMATEDSCHEDULING\ESTIMATEDSCHEDULING\DEBUG\ESTIMATEDSCHEDULING.PCH
C:\USERS\MREZA\DESKTOP\PHD AUSTRALIA YOUNG\CC GRID 2013\CODE\ESTIMATEDSCHEDULING\ESTIMATEDSCHEDULING\DEBUG\GENERATERANDOM.OBJ
C:\USERS\MREZA\DESKTOP\PHD AUSTRALIA YOUNG\CC GRID 2013\CODE\ESTIMATEDSCHEDULING\ESTIMATEDSCHEDULING\DEBUG\HEAP.OBJ
C:\USERS\MREZA\DESKTOP\PHD AUSTRALIA YOUNG\CC GRID 2013\CODE\ESTIMATEDSCHEDULING\ESTIMATEDSCHEDULING\DEBUG\KADANE.OBJ
C:\USERS\MREZA\DESKTOP\PHD AUSTRALIA YOUNG\CC GRID 2013\CODE\ESTIMATEDSCHEDULING\ESTIMATEDSCHEDULING\DEBUG\LONGEST_INC_SUB_SEQ2D.OBJ
C:\USERS\MREZA\DESKTOP\PHD AUSTRALIA YOUNG\CC GRID 2013\CODE\ESTIMATEDSCHEDULING\ESTIMATEDSCHEDULING\DEBUG\MYCOMPARISON.OBJ
C:\USERS\MREZA\DESKTOP\PHD AUSTRALIA YOUNG\CC GRID 2013\CODE\ESTIMATEDSCHEDULING\ESTIMATEDSCHEDULING\DEBUG\MYENVIRONMENT.OBJ
C:\USERS\MREZA\DESKTOP\PHD AUSTRALIA YOUNG\CC GRID 2013\CODE\ESTIMATEDSCHEDULING\ESTIMATEDSCHEDULING\DEBUG\MYQUEUE.OBJ
C:\USERS\MREZA\DESKTOP\PHD AUSTRALIA YOUNG\CC GRID 2013\CODE\ESTIMATEDSCHEDULING\ESTIMATEDSCHEDULING\DEBUG\MYSCHEDULER.OBJ
C:\USERS\MREZA\DESKTOP\PHD AUSTRALIA YOUNG\CC GRID 2013\CODE\ESTIMATEDSCHEDULING\ESTIMATEDSCHEDULING\DEBUG\NODEJOBLENGTH.OBJ
C:\USERS\MREZA\DESKTOP\PHD AUSTRALIA YOUNG\CC GRID 2013\CODE\ESTIMATEDSCHEDULING\ESTIMATEDSCHEDULING\DEBUG\NODEMACHINE.OBJ
C:\USERS\MREZA\DESKTOP\PHD AUSTRALIA YOUNG\CC GRID 2013\CODE\ESTIMATEDSCHEDULING\ESTIMATEDSCHEDULING\DEBUG\SMSPERMUTATION.OBJ
C:\USERS\MREZA\DESKTOP\PHD AUSTRALIA YOUNG\CC GRID 2013\CODE\ESTIMATEDSCHEDULING\ESTIMATEDSCHEDULING\DEBUG\STDAFX.OBJ
C:\USERS\MREZA\DESKTOP\PHD AUSTRALIA YOUNG\CC GRID 2013\CODE\ESTIMATEDSCHEDULING\ESTIMATEDSCHEDULING\DEBUG\VC100.PDB
