Build started 17/11/2012 3:33:23 PM.
     1>Project "C:\UserFiles\git\research\EstimatedScheduling\EstimatedScheduling.vcxproj" on node 2 (build target(s)).
     1>InitializeBuildStatus:
         Creating "Debug\EstimatedScheduling.unsuccessfulbuild" because "AlwaysCreate" was specified.
       ClCompile:
         All outputs are up-to-date.
         C:\Program Files (x86)\Microsoft Visual Studio 10.0\VC\bin\CL.exe /c /ZI /nologo /W3 /WX- /Od /Oy- /D WIN32 /D _DEBUG /D _CONSOLE /D _UNICODE /D UNICODE /Gm /EHsc /RTC1 /MDd /GS /fp:precise /Zc:wchar_t /Zc:forScope /Yu"StdAfx.h" /Fp"Debug\EstimatedScheduling.pch" /Fo"Debug\\" /Fd"Debug\vc100.pdb" /Gd /TP /analyze- /errorReport:prompt EstimatedScheduling.cpp
         EstimatedScheduling.cpp
       ManifestResourceCompile:
         All outputs are up-to-date.
       Link:
         C:\Program Files (x86)\Microsoft Visual Studio 10.0\VC\bin\link.exe /ERRORREPORT:PROMPT /OUT:"C:\UserFiles\git\research\EstimatedScheduling\Debug\EstimatedScheduling.exe" /INCREMENTAL /NOLOGO kernel32.lib user32.lib gdi32.lib winspool.lib comdlg32.lib advapi32.lib shell32.lib ole32.lib oleaut32.lib uuid.lib odbc32.lib odbccp32.lib /MANIFEST /ManifestFile:"Debug\EstimatedScheduling.exe.intermediate.manifest" /MANIFESTUAC:"level='asInvoker' uiAccess='false'" /DEBUG /PDB:"C:\UserFiles\git\research\EstimatedScheduling\Debug\EstimatedScheduling.pdb" /SUBSYSTEM:CONSOLE /TLBID:1 /DYNAMICBASE /NXCOMPAT /IMPLIB:"C:\UserFiles\git\research\EstimatedScheduling\Debug\EstimatedScheduling.lib" /MACHINE:X86 Debug\EstimatedScheduling.exe.embed.manifest.res
         Debug\CoinChanges.obj
         Debug\EstimatedScheduling.obj
         Debug\GenerateRandom.obj
         Debug\Heap.obj
         Debug\Kadane.obj
         Debug\longest_inc_sub_seq2d.obj
         Debug\mycomparison.obj
         Debug\MyEnvironment.obj
         Debug\Myqueue.obj
         Debug\MyScheduler.obj
         Debug\NodeJobLength.obj
         Debug\NodeMachine.obj
         Debug\SMSPermutation.obj
         Debug\stdafx.obj
       Manifest:
         C:\Program Files (x86)\Microsoft SDKs\Windows\v7.0A\bin\mt.exe /nologo /verbose /out:"Debug\EstimatedScheduling.exe.embed.manifest" /manifest Debug\EstimatedScheduling.exe.intermediate.manifest
         All outputs are up-to-date.
       LinkEmbedManifest:
         All outputs are up-to-date.
         EstimatedScheduling.vcxproj -> C:\UserFiles\git\research\EstimatedScheduling\Debug\EstimatedScheduling.exe
       FinalizeBuildStatus:
         Deleting file "Debug\EstimatedScheduling.unsuccessfulbuild".
         Touching "Debug\EstimatedScheduling.lastbuildstate".
     1>Done Building Project "C:\UserFiles\git\research\EstimatedScheduling\EstimatedScheduling.vcxproj" (build target(s)).

Build succeeded.

Time Elapsed 00:00:00.98
